<?xml version="1.0" encoding="UTF-8"?>
<testsuite name="com.example.demo.service.TodoServiceTest" tests="3" skipped="0" failures="0" errors="0" timestamp="2025-05-30T06:46:50Z" hostname="apples-MacBook-Pro.local" time="0.153">
  <properties/>
  <testcase name="testAddTodo()" classname="com.example.demo.service.TodoServiceTest" time="0.145"/>
  <testcase name="testGetAllTodos()" classname="com.example.demo.service.TodoServiceTest" time="0.001"/>
  <testcase name="testDeleteTodoById()" classname="com.example.demo.service.TodoServiceTest" time="0.006"/>
  <system-out><![CDATA[]]></system-out>
  <system-err><![CDATA[]]></system-err>
</testsuite>
