<?xml version="1.0" encoding="UTF-8"?>
<testsuite name="com.example.demo.service.CaseStatusServiceTest" tests="1" skipped="0" failures="0" errors="0" timestamp="2025-05-30T06:46:49.969Z" hostname="apples-MacBook-Pro.local" time="0.017">
  <properties/>
  <testcase name="testResolveCase_ShouldReturnSuccessResponse()" classname="com.example.demo.service.CaseStatusServiceTest" time="0.017"/>
  <system-out><![CDATA[]]></system-out>
  <system-err><![CDATA[]]></system-err>
</testsuite>
