<?xml version="1.0" encoding="UTF-8"?>
<testsuite name="com.example.demo.service.UserServiceTest" tests="1" skipped="0" failures="0" errors="0" timestamp="2025-05-30T06:46:50.154Z" hostname="apples-MacBook-Pro.local" time="0.024">
  <properties/>
  <testcase name="testGetUserFullNameById()" classname="com.example.demo.service.UserServiceTest" time="0.024"/>
  <system-out><![CDATA[]]></system-out>
  <system-err><![CDATA[]]></system-err>
</testsuite>
