<?xml version="1.0" encoding="UTF-8"?>
<testsuite name="com.example.demo.controller.HelloControllerTest" tests="1" skipped="0" failures="0" errors="0" timestamp="2025-05-30T06:46:49.961Z" hostname="apples-MacBook-Pro.local" time="0.007">
  <properties/>
  <testcase name="sayHello_ShouldReturnHello()" classname="com.example.demo.controller.HelloControllerTest" time="0.007"/>
  <system-out><![CDATA[2025-05-30T13:46:49.737+07:00  INFO 36912 --- [demo] [    Test worker] t.c.s.AnnotationConfigContextLoaderUtils : Could not detect default configuration classes for test class [com.example.demo.controller.HelloControllerTest]: HelloControllerTest does not declare any static, non-private, non-final, nested classes annotated with @Configuration.
2025-05-30T13:46:49.749+07:00  INFO 36912 --- [demo] [    Test worker] .b.t.c.SpringBootTestContextBootstrapper : Found @SpringBootConfiguration com.example.demo.DemoApplication for test class com.example.demo.controller.HelloControllerTest

  .   ____          _            __ _ _
 /\\ / ___'_ __ _ _(_)_ __  __ _ \ \ \ \
( ( )\___ | '_ | '_| | '_ \/ _` | \ \ \ \
 \\/  ___)| |_)| | | | | || (_| |  ) ) ) )
  '  |____| .__|_| |_|_| |_\__, | / / / /
 =========|_|==============|___/=/_/_/_/
 :: Spring Boot ::                (v3.2.0)

2025-05-30T13:46:49.783+07:00  INFO 36912 --- [demo] [    Test worker] c.e.demo.controller.HelloControllerTest  : Starting HelloControllerTest using Java 17.0.15 with PID 36912 (started by apple in /Users/apple/Documents/Jobs/ttb/code/Services/api-test-case-docker-jenkin)
2025-05-30T13:46:49.783+07:00  INFO 36912 --- [demo] [    Test worker] c.e.demo.controller.HelloControllerTest  : No active profile set, falling back to 1 default profile: "default"
2025-05-30T13:46:49.954+07:00  INFO 36912 --- [demo] [    Test worker] o.s.b.t.m.w.SpringBootMockServletContext : Initializing Spring TestDispatcherServlet ''
2025-05-30T13:46:49.954+07:00  INFO 36912 --- [demo] [    Test worker] o.s.t.web.servlet.TestDispatcherServlet  : Initializing Servlet ''
2025-05-30T13:46:49.955+07:00  INFO 36912 --- [demo] [    Test worker] o.s.t.web.servlet.TestDispatcherServlet  : Completed initialization in 1 ms
2025-05-30T13:46:49.959+07:00  INFO 36912 --- [demo] [    Test worker] c.e.demo.controller.HelloControllerTest  : Started HelloControllerTest in 0.204 seconds (process running for 5.283)
]]></system-out>
  <system-err><![CDATA[]]></system-err>
</testsuite>
