<?xml version="1.0" encoding="UTF-8"?>
<testsuite name="com.example.demo.TodoControllerIntegrationTest" tests="2" skipped="0" failures="0" errors="0" timestamp="2025-05-30T06:46:48.174Z" hostname="apples-MacBook-Pro.local" time="0.592">
  <properties/>
  <testcase name="testAddAndGetTodos()" classname="com.example.demo.TodoControllerIntegrationTest" time="0.571"/>
  <testcase name="testDeleteTodo()" classname="com.example.demo.TodoControllerIntegrationTest" time="0.019"/>
  <system-out><![CDATA[13:46:45.346 [Test worker] INFO org.springframework.test.context.support.AnnotationConfigContextLoaderUtils -- Could not detect default configuration classes for test class [com.example.demo.TodoControllerIntegrationTest]: TodoControllerIntegrationTest does not declare any static, non-private, non-final, nested classes annotated with @Configuration.
13:46:45.423 [Test worker] INFO org.springframework.boot.test.context.SpringBootTestContextBootstrapper -- Found @SpringBootConfiguration com.example.demo.DemoApplication for test class com.example.demo.TodoControllerIntegrationTest

  .   ____          _            __ _ _
 /\\ / ___'_ __ _ _(_)_ __  __ _ \ \ \ \
( ( )\___ | '_ | '_| | '_ \/ _` | \ \ \ \
 \\/  ___)| |_)| | | | | || (_| |  ) ) ) )
  '  |____| .__|_| |_|_| |_\__, | / / / /
 =========|_|==============|___/=/_/_/_/
 :: Spring Boot ::                (v3.2.0)

2025-05-30T13:46:45.755+07:00  INFO 36912 --- [demo] [    Test worker] c.e.demo.TodoControllerIntegrationTest   : Starting TodoControllerIntegrationTest using Java 17.0.15 with PID 36912 (started by apple in /Users/apple/Documents/Jobs/ttb/code/Services/api-test-case-docker-jenkin)
2025-05-30T13:46:45.756+07:00  INFO 36912 --- [demo] [    Test worker] c.e.demo.TodoControllerIntegrationTest   : No active profile set, falling back to 1 default profile: "default"
2025-05-30T13:46:46.265+07:00  INFO 36912 --- [demo] [    Test worker] .s.d.r.c.RepositoryConfigurationDelegate : Bootstrapping Spring Data JPA repositories in DEFAULT mode.
2025-05-30T13:46:46.296+07:00  INFO 36912 --- [demo] [    Test worker] .s.d.r.c.RepositoryConfigurationDelegate : Finished Spring Data repository scanning in 25 ms. Found 1 JPA repository interface.
2025-05-30T13:46:46.556+07:00  INFO 36912 --- [demo] [    Test worker] com.zaxxer.hikari.HikariDataSource       : HikariPool-1 - Starting...
2025-05-30T13:46:46.751+07:00  INFO 36912 --- [demo] [    Test worker] com.zaxxer.hikari.pool.HikariPool        : HikariPool-1 - Added connection conn0: url=jdbc:h2:mem:6a2e6b6b-8abe-4cb7-bcc6-f8e48692cdd4 user=SA
2025-05-30T13:46:46.754+07:00  INFO 36912 --- [demo] [    Test worker] com.zaxxer.hikari.HikariDataSource       : HikariPool-1 - Start completed.
2025-05-30T13:46:46.801+07:00  INFO 36912 --- [demo] [    Test worker] o.hibernate.jpa.internal.util.LogHelper  : HHH000204: Processing PersistenceUnitInfo [name: default]
2025-05-30T13:46:46.843+07:00  INFO 36912 --- [demo] [    Test worker] org.hibernate.Version                    : HHH000412: Hibernate ORM core version 6.3.1.Final
2025-05-30T13:46:46.866+07:00  INFO 36912 --- [demo] [    Test worker] o.h.c.internal.RegionFactoryInitiator    : HHH000026: Second-level cache disabled
2025-05-30T13:46:47.051+07:00  INFO 36912 --- [demo] [    Test worker] o.s.o.j.p.SpringPersistenceUnitInfo      : No LoadTimeWeaver setup: ignoring JPA class transformer
2025-05-30T13:46:47.616+07:00  INFO 36912 --- [demo] [    Test worker] o.h.e.t.j.p.i.JtaPlatformInitiator       : HHH000489: No JTA platform available (set 'hibernate.transaction.jta.platform' to enable JTA platform integration)
2025-05-30T13:46:47.636+07:00  INFO 36912 --- [demo] [    Test worker] j.LocalContainerEntityManagerFactoryBean : Initialized JPA EntityManagerFactory for persistence unit 'default'
2025-05-30T13:46:47.937+07:00  WARN 36912 --- [demo] [    Test worker] JpaBaseConfiguration$JpaWebConfiguration : spring.jpa.open-in-view is enabled by default. Therefore, database queries may be performed during view rendering. Explicitly configure spring.jpa.open-in-view to disable this warning
2025-05-30T13:46:48.146+07:00  INFO 36912 --- [demo] [    Test worker] o.s.b.t.m.w.SpringBootMockServletContext : Initializing Spring TestDispatcherServlet ''
2025-05-30T13:46:48.146+07:00  INFO 36912 --- [demo] [    Test worker] o.s.t.web.servlet.TestDispatcherServlet  : Initializing Servlet ''
2025-05-30T13:46:48.147+07:00  INFO 36912 --- [demo] [    Test worker] o.s.t.web.servlet.TestDispatcherServlet  : Completed initialization in 1 ms
2025-05-30T13:46:48.164+07:00  INFO 36912 --- [demo] [    Test worker] c.e.demo.TodoControllerIntegrationTest   : Started TodoControllerIntegrationTest in 2.646 seconds (process running for 3.488)
]]></system-out>
  <system-err><![CDATA[]]></system-err>
</testsuite>
