<?xml version="1.0" encoding="UTF-8"?>
<testsuite name="com.example.demo.controller.CaseControllerIntegrationTest" tests="4" skipped="0" failures="0" errors="0" timestamp="2025-05-30T06:46:49.527Z" hostname="apples-MacBook-Pro.local" time="0.203">
  <properties/>
  <testcase name="testRetrieveCaseTimelineEndpoint_shouldReturnValidJson()" classname="com.example.demo.controller.CaseControllerIntegrationTest" time="0.046"/>
  <testcase name="testCancelCase_shouldReturn200()" classname="com.example.demo.controller.CaseControllerIntegrationTest" time="0.067"/>
  <testcase name="testProcessCase_ShouldReturnSuccessResponse()" classname="com.example.demo.controller.CaseControllerIntegrationTest" time="0.054"/>
  <testcase name="resolveCase_shouldReturnStatus200AndValidResponse()" classname="com.example.demo.controller.CaseControllerIntegrationTest" time="0.028"/>
  <system-out><![CDATA[2025-05-30T13:46:48.770+07:00  INFO 36912 --- [demo] [    Test worker] t.c.s.AnnotationConfigContextLoaderUtils : Could not detect default configuration classes for test class [com.example.demo.controller.CaseControllerIntegrationTest]: CaseControllerIntegrationTest does not declare any static, non-private, non-final, nested classes annotated with @Configuration.
2025-05-30T13:46:48.777+07:00  INFO 36912 --- [demo] [    Test worker] .b.t.c.SpringBootTestContextBootstrapper : Found @SpringBootConfiguration com.example.demo.DemoApplication for test class com.example.demo.controller.CaseControllerIntegrationTest

  .   ____          _            __ _ _
 /\\ / ___'_ __ _ _(_)_ __  __ _ \ \ \ \
( ( )\___ | '_ | '_| | '_ \/ _` | \ \ \ \
 \\/  ___)| |_)| | | | | || (_| |  ) ) ) )
  '  |____| .__|_| |_|_| |_\__, | / / / /
 =========|_|==============|___/=/_/_/_/
 :: Spring Boot ::                (v3.2.0)

2025-05-30T13:46:48.791+07:00  INFO 36912 --- [demo] [    Test worker] c.e.d.c.CaseControllerIntegrationTest    : Starting CaseControllerIntegrationTest using Java 17.0.15 with PID 36912 (started by apple in /Users/apple/Documents/Jobs/ttb/code/Services/api-test-case-docker-jenkin)
2025-05-30T13:46:48.791+07:00  INFO 36912 --- [demo] [    Test worker] c.e.d.c.CaseControllerIntegrationTest    : No active profile set, falling back to 1 default profile: "default"
2025-05-30T13:46:48.870+07:00  INFO 36912 --- [demo] [    Test worker] .s.d.r.c.RepositoryConfigurationDelegate : Bootstrapping Spring Data JPA repositories in DEFAULT mode.
2025-05-30T13:46:48.874+07:00  INFO 36912 --- [demo] [    Test worker] .s.d.r.c.RepositoryConfigurationDelegate : Finished Spring Data repository scanning in 4 ms. Found 1 JPA repository interface.
2025-05-30T13:46:49.112+07:00  INFO 36912 --- [demo] [    Test worker] com.zaxxer.hikari.HikariDataSource       : HikariPool-2 - Starting...
2025-05-30T13:46:49.114+07:00  INFO 36912 --- [demo] [    Test worker] com.zaxxer.hikari.pool.HikariPool        : HikariPool-2 - Added connection conn10: url=jdbc:h2:mem:0d335659-17ab-46d3-811f-5aa59f09a662 user=SA
2025-05-30T13:46:49.114+07:00  INFO 36912 --- [demo] [    Test worker] com.zaxxer.hikari.HikariDataSource       : HikariPool-2 - Start completed.
2025-05-30T13:46:49.116+07:00  INFO 36912 --- [demo] [    Test worker] o.hibernate.jpa.internal.util.LogHelper  : HHH000204: Processing PersistenceUnitInfo [name: default]
2025-05-30T13:46:49.121+07:00  INFO 36912 --- [demo] [    Test worker] o.h.c.internal.RegionFactoryInitiator    : HHH000026: Second-level cache disabled
2025-05-30T13:46:49.125+07:00  INFO 36912 --- [demo] [    Test worker] o.s.o.j.p.SpringPersistenceUnitInfo      : No LoadTimeWeaver setup: ignoring JPA class transformer
2025-05-30T13:46:49.155+07:00  INFO 36912 --- [demo] [    Test worker] o.h.e.t.j.p.i.JtaPlatformInitiator       : HHH000489: No JTA platform available (set 'hibernate.transaction.jta.platform' to enable JTA platform integration)
2025-05-30T13:46:49.157+07:00  INFO 36912 --- [demo] [    Test worker] j.LocalContainerEntityManagerFactoryBean : Initialized JPA EntityManagerFactory for persistence unit 'default'
2025-05-30T13:46:49.283+07:00  WARN 36912 --- [demo] [    Test worker] JpaBaseConfiguration$JpaWebConfiguration : spring.jpa.open-in-view is enabled by default. Therefore, database queries may be performed during view rendering. Explicitly configure spring.jpa.open-in-view to disable this warning
2025-05-30T13:46:49.505+07:00  INFO 36912 --- [demo] [    Test worker] o.s.b.t.m.w.SpringBootMockServletContext : Initializing Spring TestDispatcherServlet ''
2025-05-30T13:46:49.505+07:00  INFO 36912 --- [demo] [    Test worker] o.s.t.web.servlet.TestDispatcherServlet  : Initializing Servlet ''
2025-05-30T13:46:49.506+07:00  INFO 36912 --- [demo] [    Test worker] o.s.t.web.servlet.TestDispatcherServlet  : Completed initialization in 1 ms
2025-05-30T13:46:49.519+07:00  INFO 36912 --- [demo] [    Test worker] c.e.d.c.CaseControllerIntegrationTest    : Started CaseControllerIntegrationTest in 0.739 seconds (process running for 4.842)
]]></system-out>
  <system-err><![CDATA[]]></system-err>
</testsuite>
