<?xml version="1.0" encoding="UTF-8"?>
<testsuite name="com.example.demo.service.CaseTimelineServiceTest" tests="1" skipped="0" failures="0" errors="0" timestamp="2025-05-30T06:46:49.987Z" hostname="apples-MacBook-Pro.local" time="0.001">
  <properties/>
  <testcase name="testRetrieveCaseTimeline_returnsExpectedData()" classname="com.example.demo.service.CaseTimelineServiceTest" time="0.001"/>
  <system-out><![CDATA[]]></system-out>
  <system-err><![CDATA[]]></system-err>
</testsuite>
